May 31, 2025 11:24:52 PM com.smartvend.app.Main configureLogger
INFO: Sistema di logging configurato correttamente
May 31, 2025 11:24:52 PM com.smartvend.app.Main main
INFO: === Avvio del sistema SmartVend ===
Versione: 1.0
Data: 2025-05-31 23:24:52
May 31, 2025 11:24:52 PM com.smartvend.app.Main loadSystemProperties
INFO: Caricamento delle proprietà di sistema
May 31, 2025 11:24:52 PM com.smartvend.app.Main loadSystemProperties
INFO: Proprietà del database già impostate come proprietà di sistema
May 31, 2025 11:24:52 PM com.smartvend.app.Main initializeDatabase
INFO: Inizializzazione della connessione al database
May 31, 2025 11:24:55 PM com.smartvend.app.Main initializeDatabase
INFO: Connessione al database inizializzata con successo
May 31, 2025 11:24:55 PM com.smartvend.app.Main testDatabaseConnection
INFO: Test della connessione al database
May 31, 2025 11:24:55 PM com.smartvend.app.Main testDatabaseConnection
SEVERE: Test della connessione al database fallito
java.lang.IllegalArgumentException: Not an entity: java.lang.Object
	at org.hibernate.metamodel.model.domain.internal.JpaMetamodelImpl.entity(JpaMetamodelImpl.java:205)
	at org.hibernate.query.sqm.tree.select.AbstractSqmSelectQuery.from(AbstractSqmSelectQuery.java:243)
	at org.hibernate.query.sqm.tree.select.AbstractSqmSelectQuery.from(AbstractSqmSelectQuery.java:44)
	at com.smartvend.app.Main.testDatabaseConnection(Main.java:220)
	at com.smartvend.app.Main.main(Main.java:74)
	at org.codehaus.mojo.exec.ExecJavaMojo.doMain(ExecJavaMojo.java:371)
	at org.codehaus.mojo.exec.ExecJavaMojo.doExec(ExecJavaMojo.java:360)
	at org.codehaus.mojo.exec.ExecJavaMojo.lambda$execute$0(ExecJavaMojo.java:280)
	at java.base/java.lang.Thread.run(Thread.java:1583)

May 31, 2025 11:24:55 PM com.smartvend.app.Main main
SEVERE: Impossibile stabilire una connessione funzionante con il database. L'applicazione verrà terminata.
May 31, 2025 11:24:55 PM com.smartvend.app.Main closeResources
INFO: Chiusura delle risorse
May 31, 2025 11:24:55 PM com.smartvend.app.Main closeResources
INFO: EntityManager chiuso
May 31, 2025 11:24:55 PM com.smartvend.app.Main closeResources
INFO: EntityManagerFactory chiuso
May 31, 2025 11:24:55 PM com.smartvend.app.Main main
INFO: === Sistema SmartVend terminato ===
Data: 2025-05-31 23:24:55
giu 01, 2025 1:26:04 AM com.smartvend.app.Main configureLogger
INFORMAZIONI: Sistema di logging configurato correttamente
giu 01, 2025 1:26:04 AM com.smartvend.app.Main main
INFORMAZIONI: === Avvio del sistema SmartVend ===
Versione: 1.0
Data: 2025-06-01 01:26:04
giu 01, 2025 1:26:04 AM com.smartvend.app.Main loadSystemProperties
INFORMAZIONI: Caricamento delle proprietà di sistema
giu 01, 2025 1:26:04 AM com.smartvend.app.Main loadSystemProperties
AVVERTENZA: Proprietà DB_URL non trovata nelle variabili d'ambiente
giu 01, 2025 1:26:04 AM com.smartvend.app.Main loadSystemProperties
AVVERTENZA: Proprietà DB_USER non trovata nelle variabili d'ambiente
giu 01, 2025 1:26:04 AM com.smartvend.app.Main loadSystemProperties
AVVERTENZA: Proprietà DB_PASS non trovata nelle variabili d'ambiente
giu 01, 2025 1:26:04 AM com.smartvend.app.Main initializeDatabase
INFORMAZIONI: Inizializzazione della connessione al database
giu 01, 2025 1:26:05 AM com.smartvend.app.Main initializeDatabase
GRAVE: Errore durante l'inizializzazione del database
org.hibernate.service.spi.ServiceException: Unable to create requested service [org.hibernate.engine.jdbc.env.spi.JdbcEnvironment] due to: Unable to determine Dialect without JDBC metadata (please set 'jakarta.persistence.jdbc.url' for common cases or 'hibernate.dialect' when a custom Dialect implementation must be provided)
	at org.hibernate.service.internal.AbstractServiceRegistryImpl.createService(AbstractServiceRegistryImpl.java:276)
	at org.hibernate.service.internal.AbstractServiceRegistryImpl.initializeService(AbstractServiceRegistryImpl.java:238)
	at org.hibernate.service.internal.AbstractServiceRegistryImpl.getService(AbstractServiceRegistryImpl.java:215)
	at org.hibernate.boot.model.relational.Database.<init>(Database.java:45)
	at org.hibernate.boot.internal.InFlightMetadataCollectorImpl.getDatabase(InFlightMetadataCollectorImpl.java:221)
	at org.hibernate.boot.internal.InFlightMetadataCollectorImpl.<init>(InFlightMetadataCollectorImpl.java:189)
	at org.hibernate.boot.model.process.spi.MetadataBuildingProcess.complete(MetadataBuildingProcess.java:171)
	at org.hibernate.jpa.boot.internal.EntityManagerFactoryBuilderImpl.metadata(EntityManagerFactoryBuilderImpl.java:1431)
	at org.hibernate.jpa.boot.internal.EntityManagerFactoryBuilderImpl.build(EntityManagerFactoryBuilderImpl.java:1502)
	at org.hibernate.jpa.HibernatePersistenceProvider.createEntityManagerFactory(HibernatePersistenceProvider.java:55)
	at jakarta.persistence.Persistence.createEntityManagerFactory(Persistence.java:90)
	at com.smartvend.app.Main.initializeDatabase(Main.java:197)
	at com.smartvend.app.Main.main(Main.java:71)
	at org.codehaus.mojo.exec.ExecJavaMojo.doMain(ExecJavaMojo.java:371)
	at org.codehaus.mojo.exec.ExecJavaMojo.doExec(ExecJavaMojo.java:360)
	at org.codehaus.mojo.exec.ExecJavaMojo.lambda$execute$0(ExecJavaMojo.java:280)
	at java.base/java.lang.Thread.run(Thread.java:1575)
Caused by: org.hibernate.HibernateException: Unable to determine Dialect without JDBC metadata (please set 'jakarta.persistence.jdbc.url' for common cases or 'hibernate.dialect' when a custom Dialect implementation must be provided)
	at org.hibernate.engine.jdbc.dialect.internal.DialectFactoryImpl.determineDialect(DialectFactoryImpl.java:191)
	at org.hibernate.engine.jdbc.dialect.internal.DialectFactoryImpl.buildDialect(DialectFactoryImpl.java:87)
	at org.hibernate.engine.jdbc.env.internal.JdbcEnvironmentInitiator.getJdbcEnvironmentWithDefaults(JdbcEnvironmentInitiator.java:152)
	at org.hibernate.engine.jdbc.env.internal.JdbcEnvironmentInitiator.getJdbcEnvironmentUsingJdbcMetadata(JdbcEnvironmentInitiator.java:362)
	at org.hibernate.engine.jdbc.env.internal.JdbcEnvironmentInitiator.initiateService(JdbcEnvironmentInitiator.java:123)
	at org.hibernate.engine.jdbc.env.internal.JdbcEnvironmentInitiator.initiateService(JdbcEnvironmentInitiator.java:77)
	at org.hibernate.boot.registry.internal.StandardServiceRegistryImpl.initiateService(StandardServiceRegistryImpl.java:130)
	at org.hibernate.service.internal.AbstractServiceRegistryImpl.createService(AbstractServiceRegistryImpl.java:263)
	... 16 more

giu 01, 2025 1:26:05 AM com.smartvend.app.Main main
GRAVE: Errore critico durante l'esecuzione dell'applicazione
org.hibernate.service.spi.ServiceException: Unable to create requested service [org.hibernate.engine.jdbc.env.spi.JdbcEnvironment] due to: Unable to determine Dialect without JDBC metadata (please set 'jakarta.persistence.jdbc.url' for common cases or 'hibernate.dialect' when a custom Dialect implementation must be provided)
	at org.hibernate.service.internal.AbstractServiceRegistryImpl.createService(AbstractServiceRegistryImpl.java:276)
	at org.hibernate.service.internal.AbstractServiceRegistryImpl.initializeService(AbstractServiceRegistryImpl.java:238)
	at org.hibernate.service.internal.AbstractServiceRegistryImpl.getService(AbstractServiceRegistryImpl.java:215)
	at org.hibernate.boot.model.relational.Database.<init>(Database.java:45)
	at org.hibernate.boot.internal.InFlightMetadataCollectorImpl.getDatabase(InFlightMetadataCollectorImpl.java:221)
	at org.hibernate.boot.internal.InFlightMetadataCollectorImpl.<init>(InFlightMetadataCollectorImpl.java:189)
	at org.hibernate.boot.model.process.spi.MetadataBuildingProcess.complete(MetadataBuildingProcess.java:171)
	at org.hibernate.jpa.boot.internal.EntityManagerFactoryBuilderImpl.metadata(EntityManagerFactoryBuilderImpl.java:1431)
	at org.hibernate.jpa.boot.internal.EntityManagerFactoryBuilderImpl.build(EntityManagerFactoryBuilderImpl.java:1502)
	at org.hibernate.jpa.HibernatePersistenceProvider.createEntityManagerFactory(HibernatePersistenceProvider.java:55)
	at jakarta.persistence.Persistence.createEntityManagerFactory(Persistence.java:90)
	at com.smartvend.app.Main.initializeDatabase(Main.java:197)
	at com.smartvend.app.Main.main(Main.java:71)
	at org.codehaus.mojo.exec.ExecJavaMojo.doMain(ExecJavaMojo.java:371)
	at org.codehaus.mojo.exec.ExecJavaMojo.doExec(ExecJavaMojo.java:360)
	at org.codehaus.mojo.exec.ExecJavaMojo.lambda$execute$0(ExecJavaMojo.java:280)
	at java.base/java.lang.Thread.run(Thread.java:1575)
Caused by: org.hibernate.HibernateException: Unable to determine Dialect without JDBC metadata (please set 'jakarta.persistence.jdbc.url' for common cases or 'hibernate.dialect' when a custom Dialect implementation must be provided)
	at org.hibernate.engine.jdbc.dialect.internal.DialectFactoryImpl.determineDialect(DialectFactoryImpl.java:191)
	at org.hibernate.engine.jdbc.dialect.internal.DialectFactoryImpl.buildDialect(DialectFactoryImpl.java:87)
	at org.hibernate.engine.jdbc.env.internal.JdbcEnvironmentInitiator.getJdbcEnvironmentWithDefaults(JdbcEnvironmentInitiator.java:152)
	at org.hibernate.engine.jdbc.env.internal.JdbcEnvironmentInitiator.getJdbcEnvironmentUsingJdbcMetadata(JdbcEnvironmentInitiator.java:362)
	at org.hibernate.engine.jdbc.env.internal.JdbcEnvironmentInitiator.initiateService(JdbcEnvironmentInitiator.java:123)
	at org.hibernate.engine.jdbc.env.internal.JdbcEnvironmentInitiator.initiateService(JdbcEnvironmentInitiator.java:77)
	at org.hibernate.boot.registry.internal.StandardServiceRegistryImpl.initiateService(StandardServiceRegistryImpl.java:130)
	at org.hibernate.service.internal.AbstractServiceRegistryImpl.createService(AbstractServiceRegistryImpl.java:263)
	... 16 more

giu 01, 2025 1:26:05 AM com.smartvend.app.Main closeResources
INFORMAZIONI: Chiusura delle risorse
giu 01, 2025 1:26:05 AM com.smartvend.app.Main main
INFORMAZIONI: === Sistema SmartVend terminato ===
Data: 2025-06-01 01:26:05
giu 01, 2025 1:26:58 AM com.smartvend.app.Main configureLogger
INFORMAZIONI: Sistema di logging configurato correttamente
giu 01, 2025 1:26:58 AM com.smartvend.app.Main main
INFORMAZIONI: === Avvio del sistema SmartVend ===
Versione: 1.0
Data: 2025-06-01 01:26:58
giu 01, 2025 1:26:58 AM com.smartvend.app.Main loadSystemProperties
INFORMAZIONI: Caricamento delle proprietà di sistema
giu 01, 2025 1:26:58 AM com.smartvend.app.Main loadSystemProperties
AVVERTENZA: Proprietà DB_URL non trovata nelle variabili d'ambiente
giu 01, 2025 1:26:58 AM com.smartvend.app.Main loadSystemProperties
AVVERTENZA: Proprietà DB_USER non trovata nelle variabili d'ambiente
giu 01, 2025 1:26:58 AM com.smartvend.app.Main loadSystemProperties
AVVERTENZA: Proprietà DB_PASS non trovata nelle variabili d'ambiente
giu 01, 2025 1:26:58 AM com.smartvend.app.Main initializeDatabase
INFORMAZIONI: Inizializzazione della connessione al database
giu 01, 2025 1:26:58 AM com.smartvend.app.Main initializeDatabase
GRAVE: Errore durante l'inizializzazione del database
org.hibernate.service.spi.ServiceException: Unable to create requested service [org.hibernate.engine.jdbc.env.spi.JdbcEnvironment] due to: Unable to determine Dialect without JDBC metadata (please set 'jakarta.persistence.jdbc.url' for common cases or 'hibernate.dialect' when a custom Dialect implementation must be provided)
	at org.hibernate.service.internal.AbstractServiceRegistryImpl.createService(AbstractServiceRegistryImpl.java:276)
	at org.hibernate.service.internal.AbstractServiceRegistryImpl.initializeService(AbstractServiceRegistryImpl.java:238)
	at org.hibernate.service.internal.AbstractServiceRegistryImpl.getService(AbstractServiceRegistryImpl.java:215)
	at org.hibernate.boot.model.relational.Database.<init>(Database.java:45)
	at org.hibernate.boot.internal.InFlightMetadataCollectorImpl.getDatabase(InFlightMetadataCollectorImpl.java:221)
	at org.hibernate.boot.internal.InFlightMetadataCollectorImpl.<init>(InFlightMetadataCollectorImpl.java:189)
	at org.hibernate.boot.model.process.spi.MetadataBuildingProcess.complete(MetadataBuildingProcess.java:171)
	at org.hibernate.jpa.boot.internal.EntityManagerFactoryBuilderImpl.metadata(EntityManagerFactoryBuilderImpl.java:1431)
	at org.hibernate.jpa.boot.internal.EntityManagerFactoryBuilderImpl.build(EntityManagerFactoryBuilderImpl.java:1502)
	at org.hibernate.jpa.HibernatePersistenceProvider.createEntityManagerFactory(HibernatePersistenceProvider.java:55)
	at jakarta.persistence.Persistence.createEntityManagerFactory(Persistence.java:90)
	at com.smartvend.app.Main.initializeDatabase(Main.java:197)
	at com.smartvend.app.Main.main(Main.java:71)
	at org.codehaus.mojo.exec.ExecJavaMojo.doMain(ExecJavaMojo.java:371)
	at org.codehaus.mojo.exec.ExecJavaMojo.doExec(ExecJavaMojo.java:360)
	at org.codehaus.mojo.exec.ExecJavaMojo.lambda$execute$0(ExecJavaMojo.java:280)
	at java.base/java.lang.Thread.run(Thread.java:1575)
Caused by: org.hibernate.HibernateException: Unable to determine Dialect without JDBC metadata (please set 'jakarta.persistence.jdbc.url' for common cases or 'hibernate.dialect' when a custom Dialect implementation must be provided)
	at org.hibernate.engine.jdbc.dialect.internal.DialectFactoryImpl.determineDialect(DialectFactoryImpl.java:191)
	at org.hibernate.engine.jdbc.dialect.internal.DialectFactoryImpl.buildDialect(DialectFactoryImpl.java:87)
	at org.hibernate.engine.jdbc.env.internal.JdbcEnvironmentInitiator.getJdbcEnvironmentWithDefaults(JdbcEnvironmentInitiator.java:152)
	at org.hibernate.engine.jdbc.env.internal.JdbcEnvironmentInitiator.getJdbcEnvironmentUsingJdbcMetadata(JdbcEnvironmentInitiator.java:362)
	at org.hibernate.engine.jdbc.env.internal.JdbcEnvironmentInitiator.initiateService(JdbcEnvironmentInitiator.java:123)
	at org.hibernate.engine.jdbc.env.internal.JdbcEnvironmentInitiator.initiateService(JdbcEnvironmentInitiator.java:77)
	at org.hibernate.boot.registry.internal.StandardServiceRegistryImpl.initiateService(StandardServiceRegistryImpl.java:130)
	at org.hibernate.service.internal.AbstractServiceRegistryImpl.createService(AbstractServiceRegistryImpl.java:263)
	... 16 more

giu 01, 2025 1:26:58 AM com.smartvend.app.Main main
GRAVE: Errore critico durante l'esecuzione dell'applicazione
org.hibernate.service.spi.ServiceException: Unable to create requested service [org.hibernate.engine.jdbc.env.spi.JdbcEnvironment] due to: Unable to determine Dialect without JDBC metadata (please set 'jakarta.persistence.jdbc.url' for common cases or 'hibernate.dialect' when a custom Dialect implementation must be provided)
	at org.hibernate.service.internal.AbstractServiceRegistryImpl.createService(AbstractServiceRegistryImpl.java:276)
	at org.hibernate.service.internal.AbstractServiceRegistryImpl.initializeService(AbstractServiceRegistryImpl.java:238)
	at org.hibernate.service.internal.AbstractServiceRegistryImpl.getService(AbstractServiceRegistryImpl.java:215)
	at org.hibernate.boot.model.relational.Database.<init>(Database.java:45)
	at org.hibernate.boot.internal.InFlightMetadataCollectorImpl.getDatabase(InFlightMetadataCollectorImpl.java:221)
	at org.hibernate.boot.internal.InFlightMetadataCollectorImpl.<init>(InFlightMetadataCollectorImpl.java:189)
	at org.hibernate.boot.model.process.spi.MetadataBuildingProcess.complete(MetadataBuildingProcess.java:171)
	at org.hibernate.jpa.boot.internal.EntityManagerFactoryBuilderImpl.metadata(EntityManagerFactoryBuilderImpl.java:1431)
	at org.hibernate.jpa.boot.internal.EntityManagerFactoryBuilderImpl.build(EntityManagerFactoryBuilderImpl.java:1502)
	at org.hibernate.jpa.HibernatePersistenceProvider.createEntityManagerFactory(HibernatePersistenceProvider.java:55)
	at jakarta.persistence.Persistence.createEntityManagerFactory(Persistence.java:90)
	at com.smartvend.app.Main.initializeDatabase(Main.java:197)
	at com.smartvend.app.Main.main(Main.java:71)
	at org.codehaus.mojo.exec.ExecJavaMojo.doMain(ExecJavaMojo.java:371)
	at org.codehaus.mojo.exec.ExecJavaMojo.doExec(ExecJavaMojo.java:360)
	at org.codehaus.mojo.exec.ExecJavaMojo.lambda$execute$0(ExecJavaMojo.java:280)
	at java.base/java.lang.Thread.run(Thread.java:1575)
Caused by: org.hibernate.HibernateException: Unable to determine Dialect without JDBC metadata (please set 'jakarta.persistence.jdbc.url' for common cases or 'hibernate.dialect' when a custom Dialect implementation must be provided)
	at org.hibernate.engine.jdbc.dialect.internal.DialectFactoryImpl.determineDialect(DialectFactoryImpl.java:191)
	at org.hibernate.engine.jdbc.dialect.internal.DialectFactoryImpl.buildDialect(DialectFactoryImpl.java:87)
	at org.hibernate.engine.jdbc.env.internal.JdbcEnvironmentInitiator.getJdbcEnvironmentWithDefaults(JdbcEnvironmentInitiator.java:152)
	at org.hibernate.engine.jdbc.env.internal.JdbcEnvironmentInitiator.getJdbcEnvironmentUsingJdbcMetadata(JdbcEnvironmentInitiator.java:362)
	at org.hibernate.engine.jdbc.env.internal.JdbcEnvironmentInitiator.initiateService(JdbcEnvironmentInitiator.java:123)
	at org.hibernate.engine.jdbc.env.internal.JdbcEnvironmentInitiator.initiateService(JdbcEnvironmentInitiator.java:77)
	at org.hibernate.boot.registry.internal.StandardServiceRegistryImpl.initiateService(StandardServiceRegistryImpl.java:130)
	at org.hibernate.service.internal.AbstractServiceRegistryImpl.createService(AbstractServiceRegistryImpl.java:263)
	... 16 more

giu 01, 2025 1:26:58 AM com.smartvend.app.Main closeResources
INFORMAZIONI: Chiusura delle risorse
giu 01, 2025 1:26:58 AM com.smartvend.app.Main main
INFORMAZIONI: === Sistema SmartVend terminato ===
Data: 2025-06-01 01:26:58
giu 01, 2025 1:27:44 AM com.smartvend.app.Main configureLogger
INFORMAZIONI: Sistema di logging configurato correttamente
giu 01, 2025 1:27:44 AM com.smartvend.app.Main main
INFORMAZIONI: === Avvio del sistema SmartVend ===
Versione: 1.0
Data: 2025-06-01 01:27:44
giu 01, 2025 1:27:44 AM com.smartvend.app.Main loadSystemProperties
INFORMAZIONI: Caricamento delle proprietà di sistema
giu 01, 2025 1:27:44 AM com.smartvend.app.Main loadSystemProperties
INFORMAZIONI: Proprietà DB_URL caricata dalle variabili d'ambiente
giu 01, 2025 1:27:44 AM com.smartvend.app.Main loadSystemProperties
INFORMAZIONI: Proprietà DB_USER caricata dalle variabili d'ambiente
giu 01, 2025 1:27:44 AM com.smartvend.app.Main loadSystemProperties
INFORMAZIONI: Proprietà DB_PASS caricata dalle variabili d'ambiente
giu 01, 2025 1:27:44 AM com.smartvend.app.Main initializeDatabase
INFORMAZIONI: Inizializzazione della connessione al database
giu 01, 2025 1:27:45 AM com.smartvend.app.Main initializeDatabase
GRAVE: Errore durante l'inizializzazione del database
org.hibernate.service.spi.ServiceException: Unable to create requested service [org.hibernate.engine.jdbc.env.spi.JdbcEnvironment] due to: Unable to make JDBC Connection [jdbc:mysql://localhost:3306/smartvend]
	at org.hibernate.service.internal.AbstractServiceRegistryImpl.createService(AbstractServiceRegistryImpl.java:276)
	at org.hibernate.service.internal.AbstractServiceRegistryImpl.initializeService(AbstractServiceRegistryImpl.java:238)
	at org.hibernate.service.internal.AbstractServiceRegistryImpl.getService(AbstractServiceRegistryImpl.java:215)
	at org.hibernate.boot.model.relational.Database.<init>(Database.java:45)
	at org.hibernate.boot.internal.InFlightMetadataCollectorImpl.getDatabase(InFlightMetadataCollectorImpl.java:221)
	at org.hibernate.boot.internal.InFlightMetadataCollectorImpl.<init>(InFlightMetadataCollectorImpl.java:189)
	at org.hibernate.boot.model.process.spi.MetadataBuildingProcess.complete(MetadataBuildingProcess.java:171)
	at org.hibernate.jpa.boot.internal.EntityManagerFactoryBuilderImpl.metadata(EntityManagerFactoryBuilderImpl.java:1431)
	at org.hibernate.jpa.boot.internal.EntityManagerFactoryBuilderImpl.build(EntityManagerFactoryBuilderImpl.java:1502)
	at org.hibernate.jpa.HibernatePersistenceProvider.createEntityManagerFactory(HibernatePersistenceProvider.java:55)
	at jakarta.persistence.Persistence.createEntityManagerFactory(Persistence.java:90)
	at com.smartvend.app.Main.initializeDatabase(Main.java:197)
	at com.smartvend.app.Main.main(Main.java:71)
	at org.codehaus.mojo.exec.ExecJavaMojo.doMain(ExecJavaMojo.java:371)
	at org.codehaus.mojo.exec.ExecJavaMojo.doExec(ExecJavaMojo.java:360)
	at org.codehaus.mojo.exec.ExecJavaMojo.lambda$execute$0(ExecJavaMojo.java:280)
	at java.base/java.lang.Thread.run(Thread.java:1575)
Caused by: org.hibernate.HibernateException: Unable to make JDBC Connection [jdbc:mysql://localhost:3306/smartvend]
	at org.hibernate.engine.jdbc.connections.internal.BasicConnectionCreator.createConnection(BasicConnectionCreator.java:63)
	at org.hibernate.engine.jdbc.connections.internal.DriverManagerConnectionProviderImpl$PooledConnections.addConnections(DriverManagerConnectionProviderImpl.java:500)
	at org.hibernate.engine.jdbc.connections.internal.DriverManagerConnectionProviderImpl$PooledConnections.<init>(DriverManagerConnectionProviderImpl.java:373)
	at org.hibernate.engine.jdbc.connections.internal.DriverManagerConnectionProviderImpl$PooledConnections$Builder.build(DriverManagerConnectionProviderImpl.java:551)
	at org.hibernate.engine.jdbc.connections.internal.DriverManagerConnectionProviderImpl.buildPool(DriverManagerConnectionProviderImpl.java:102)
	at org.hibernate.engine.jdbc.connections.internal.DriverManagerConnectionProviderImpl.configure(DriverManagerConnectionProviderImpl.java:82)
	at org.hibernate.boot.registry.internal.StandardServiceRegistryImpl.configureService(StandardServiceRegistryImpl.java:136)
	at org.hibernate.service.internal.AbstractServiceRegistryImpl.initializeService(AbstractServiceRegistryImpl.java:247)
	at org.hibernate.service.internal.AbstractServiceRegistryImpl.getService(AbstractServiceRegistryImpl.java:215)
	at org.hibernate.service.ServiceRegistry.requireService(ServiceRegistry.java:68)
	at org.hibernate.engine.jdbc.env.internal.JdbcEnvironmentInitiator.buildJdbcConnectionAccess(JdbcEnvironmentInitiator.java:404)
	at org.hibernate.engine.jdbc.env.internal.JdbcEnvironmentInitiator.getJdbcEnvironmentUsingJdbcMetadata(JdbcEnvironmentInitiator.java:276)
	at org.hibernate.engine.jdbc.env.internal.JdbcEnvironmentInitiator.initiateService(JdbcEnvironmentInitiator.java:123)
	at org.hibernate.engine.jdbc.env.internal.JdbcEnvironmentInitiator.initiateService(JdbcEnvironmentInitiator.java:77)
	at org.hibernate.boot.registry.internal.StandardServiceRegistryImpl.initiateService(StandardServiceRegistryImpl.java:130)
	at org.hibernate.service.internal.AbstractServiceRegistryImpl.createService(AbstractServiceRegistryImpl.java:263)
	... 16 more

giu 01, 2025 1:27:45 AM com.smartvend.app.Main main
GRAVE: Errore critico durante l'esecuzione dell'applicazione
org.hibernate.service.spi.ServiceException: Unable to create requested service [org.hibernate.engine.jdbc.env.spi.JdbcEnvironment] due to: Unable to make JDBC Connection [jdbc:mysql://localhost:3306/smartvend]
	at org.hibernate.service.internal.AbstractServiceRegistryImpl.createService(AbstractServiceRegistryImpl.java:276)
	at org.hibernate.service.internal.AbstractServiceRegistryImpl.initializeService(AbstractServiceRegistryImpl.java:238)
	at org.hibernate.service.internal.AbstractServiceRegistryImpl.getService(AbstractServiceRegistryImpl.java:215)
	at org.hibernate.boot.model.relational.Database.<init>(Database.java:45)
	at org.hibernate.boot.internal.InFlightMetadataCollectorImpl.getDatabase(InFlightMetadataCollectorImpl.java:221)
	at org.hibernate.boot.internal.InFlightMetadataCollectorImpl.<init>(InFlightMetadataCollectorImpl.java:189)
	at org.hibernate.boot.model.process.spi.MetadataBuildingProcess.complete(MetadataBuildingProcess.java:171)
	at org.hibernate.jpa.boot.internal.EntityManagerFactoryBuilderImpl.metadata(EntityManagerFactoryBuilderImpl.java:1431)
	at org.hibernate.jpa.boot.internal.EntityManagerFactoryBuilderImpl.build(EntityManagerFactoryBuilderImpl.java:1502)
	at org.hibernate.jpa.HibernatePersistenceProvider.createEntityManagerFactory(HibernatePersistenceProvider.java:55)
	at jakarta.persistence.Persistence.createEntityManagerFactory(Persistence.java:90)
	at com.smartvend.app.Main.initializeDatabase(Main.java:197)
	at com.smartvend.app.Main.main(Main.java:71)
	at org.codehaus.mojo.exec.ExecJavaMojo.doMain(ExecJavaMojo.java:371)
	at org.codehaus.mojo.exec.ExecJavaMojo.doExec(ExecJavaMojo.java:360)
	at org.codehaus.mojo.exec.ExecJavaMojo.lambda$execute$0(ExecJavaMojo.java:280)
	at java.base/java.lang.Thread.run(Thread.java:1575)
Caused by: org.hibernate.HibernateException: Unable to make JDBC Connection [jdbc:mysql://localhost:3306/smartvend]
	at org.hibernate.engine.jdbc.connections.internal.BasicConnectionCreator.createConnection(BasicConnectionCreator.java:63)
	at org.hibernate.engine.jdbc.connections.internal.DriverManagerConnectionProviderImpl$PooledConnections.addConnections(DriverManagerConnectionProviderImpl.java:500)
	at org.hibernate.engine.jdbc.connections.internal.DriverManagerConnectionProviderImpl$PooledConnections.<init>(DriverManagerConnectionProviderImpl.java:373)
	at org.hibernate.engine.jdbc.connections.internal.DriverManagerConnectionProviderImpl$PooledConnections$Builder.build(DriverManagerConnectionProviderImpl.java:551)
	at org.hibernate.engine.jdbc.connections.internal.DriverManagerConnectionProviderImpl.buildPool(DriverManagerConnectionProviderImpl.java:102)
	at org.hibernate.engine.jdbc.connections.internal.DriverManagerConnectionProviderImpl.configure(DriverManagerConnectionProviderImpl.java:82)
	at org.hibernate.boot.registry.internal.StandardServiceRegistryImpl.configureService(StandardServiceRegistryImpl.java:136)
	at org.hibernate.service.internal.AbstractServiceRegistryImpl.initializeService(AbstractServiceRegistryImpl.java:247)
	at org.hibernate.service.internal.AbstractServiceRegistryImpl.getService(AbstractServiceRegistryImpl.java:215)
	at org.hibernate.service.ServiceRegistry.requireService(ServiceRegistry.java:68)
	at org.hibernate.engine.jdbc.env.internal.JdbcEnvironmentInitiator.buildJdbcConnectionAccess(JdbcEnvironmentInitiator.java:404)
	at org.hibernate.engine.jdbc.env.internal.JdbcEnvironmentInitiator.getJdbcEnvironmentUsingJdbcMetadata(JdbcEnvironmentInitiator.java:276)
	at org.hibernate.engine.jdbc.env.internal.JdbcEnvironmentInitiator.initiateService(JdbcEnvironmentInitiator.java:123)
	at org.hibernate.engine.jdbc.env.internal.JdbcEnvironmentInitiator.initiateService(JdbcEnvironmentInitiator.java:77)
	at org.hibernate.boot.registry.internal.StandardServiceRegistryImpl.initiateService(StandardServiceRegistryImpl.java:130)
	at org.hibernate.service.internal.AbstractServiceRegistryImpl.createService(AbstractServiceRegistryImpl.java:263)
	... 16 more

giu 01, 2025 1:27:45 AM com.smartvend.app.Main closeResources
INFORMAZIONI: Chiusura delle risorse
giu 01, 2025 1:27:45 AM com.smartvend.app.Main main
INFORMAZIONI: === Sistema SmartVend terminato ===
Data: 2025-06-01 01:27:45
May 31, 2025 11:29:46 PM com.smartvend.app.Main configureLogger
INFO: Sistema di logging configurato correttamente
May 31, 2025 11:29:46 PM com.smartvend.app.Main main
INFO: === Avvio del sistema SmartVend ===
Versione: 1.0
Data: 2025-05-31 23:29:46
May 31, 2025 11:29:46 PM com.smartvend.app.Main loadSystemProperties
INFO: Caricamento delle proprietà di sistema
May 31, 2025 11:29:46 PM com.smartvend.app.Main loadSystemProperties
INFO: Proprietà del database già impostate come proprietà di sistema
May 31, 2025 11:29:46 PM com.smartvend.app.Main initializeDatabase
INFO: Inizializzazione della connessione al database
May 31, 2025 11:29:47 PM com.smartvend.app.Main initializeDatabase
SEVERE: Errore durante l'inizializzazione del database
org.hibernate.service.spi.ServiceException: Unable to create requested service [org.hibernate.engine.jdbc.env.spi.JdbcEnvironment] due to: Unable to make JDBC Connection [jdbc:mysql://localhost:3306/smartvend]
	at org.hibernate.service.internal.AbstractServiceRegistryImpl.createService(AbstractServiceRegistryImpl.java:276)
	at org.hibernate.service.internal.AbstractServiceRegistryImpl.initializeService(AbstractServiceRegistryImpl.java:238)
	at org.hibernate.service.internal.AbstractServiceRegistryImpl.getService(AbstractServiceRegistryImpl.java:215)
	at org.hibernate.boot.model.relational.Database.<init>(Database.java:45)
	at org.hibernate.boot.internal.InFlightMetadataCollectorImpl.getDatabase(InFlightMetadataCollectorImpl.java:221)
	at org.hibernate.boot.internal.InFlightMetadataCollectorImpl.<init>(InFlightMetadataCollectorImpl.java:189)
	at org.hibernate.boot.model.process.spi.MetadataBuildingProcess.complete(MetadataBuildingProcess.java:171)
	at org.hibernate.jpa.boot.internal.EntityManagerFactoryBuilderImpl.metadata(EntityManagerFactoryBuilderImpl.java:1431)
	at org.hibernate.jpa.boot.internal.EntityManagerFactoryBuilderImpl.build(EntityManagerFactoryBuilderImpl.java:1502)
	at org.hibernate.jpa.HibernatePersistenceProvider.createEntityManagerFactory(HibernatePersistenceProvider.java:55)
	at jakarta.persistence.Persistence.createEntityManagerFactory(Persistence.java:90)
	at com.smartvend.app.Main.initializeDatabase(Main.java:197)
	at com.smartvend.app.Main.main(Main.java:71)
	at org.codehaus.mojo.exec.ExecJavaMojo.doMain(ExecJavaMojo.java:371)
	at org.codehaus.mojo.exec.ExecJavaMojo.doExec(ExecJavaMojo.java:360)
	at org.codehaus.mojo.exec.ExecJavaMojo.lambda$execute$0(ExecJavaMojo.java:280)
	at java.base/java.lang.Thread.run(Thread.java:1583)
Caused by: org.hibernate.HibernateException: Unable to make JDBC Connection [jdbc:mysql://localhost:3306/smartvend]
	at org.hibernate.engine.jdbc.connections.internal.BasicConnectionCreator.createConnection(BasicConnectionCreator.java:63)
	at org.hibernate.engine.jdbc.connections.internal.DriverManagerConnectionProviderImpl$PooledConnections.addConnections(DriverManagerConnectionProviderImpl.java:500)
	at org.hibernate.engine.jdbc.connections.internal.DriverManagerConnectionProviderImpl$PooledConnections.<init>(DriverManagerConnectionProviderImpl.java:373)
	at org.hibernate.engine.jdbc.connections.internal.DriverManagerConnectionProviderImpl$PooledConnections$Builder.build(DriverManagerConnectionProviderImpl.java:551)
	at org.hibernate.engine.jdbc.connections.internal.DriverManagerConnectionProviderImpl.buildPool(DriverManagerConnectionProviderImpl.java:102)
	at org.hibernate.engine.jdbc.connections.internal.DriverManagerConnectionProviderImpl.configure(DriverManagerConnectionProviderImpl.java:82)
	at org.hibernate.boot.registry.internal.StandardServiceRegistryImpl.configureService(StandardServiceRegistryImpl.java:136)
	at org.hibernate.service.internal.AbstractServiceRegistryImpl.initializeService(AbstractServiceRegistryImpl.java:247)
	at org.hibernate.service.internal.AbstractServiceRegistryImpl.getService(AbstractServiceRegistryImpl.java:215)
	at org.hibernate.service.ServiceRegistry.requireService(ServiceRegistry.java:68)
	at org.hibernate.engine.jdbc.env.internal.JdbcEnvironmentInitiator.buildJdbcConnectionAccess(JdbcEnvironmentInitiator.java:404)
	at org.hibernate.engine.jdbc.env.internal.JdbcEnvironmentInitiator.getJdbcEnvironmentUsingJdbcMetadata(JdbcEnvironmentInitiator.java:276)
	at org.hibernate.engine.jdbc.env.internal.JdbcEnvironmentInitiator.initiateService(JdbcEnvironmentInitiator.java:123)
	at org.hibernate.engine.jdbc.env.internal.JdbcEnvironmentInitiator.initiateService(JdbcEnvironmentInitiator.java:77)
	at org.hibernate.boot.registry.internal.StandardServiceRegistryImpl.initiateService(StandardServiceRegistryImpl.java:130)
	at org.hibernate.service.internal.AbstractServiceRegistryImpl.createService(AbstractServiceRegistryImpl.java:263)
	... 16 more

May 31, 2025 11:29:47 PM com.smartvend.app.Main main
SEVERE: Errore critico durante l'esecuzione dell'applicazione
org.hibernate.service.spi.ServiceException: Unable to create requested service [org.hibernate.engine.jdbc.env.spi.JdbcEnvironment] due to: Unable to make JDBC Connection [jdbc:mysql://localhost:3306/smartvend]
	at org.hibernate.service.internal.AbstractServiceRegistryImpl.createService(AbstractServiceRegistryImpl.java:276)
	at org.hibernate.service.internal.AbstractServiceRegistryImpl.initializeService(AbstractServiceRegistryImpl.java:238)
	at org.hibernate.service.internal.AbstractServiceRegistryImpl.getService(AbstractServiceRegistryImpl.java:215)
	at org.hibernate.boot.model.relational.Database.<init>(Database.java:45)
	at org.hibernate.boot.internal.InFlightMetadataCollectorImpl.getDatabase(InFlightMetadataCollectorImpl.java:221)
	at org.hibernate.boot.internal.InFlightMetadataCollectorImpl.<init>(InFlightMetadataCollectorImpl.java:189)
	at org.hibernate.boot.model.process.spi.MetadataBuildingProcess.complete(MetadataBuildingProcess.java:171)
	at org.hibernate.jpa.boot.internal.EntityManagerFactoryBuilderImpl.metadata(EntityManagerFactoryBuilderImpl.java:1431)
	at org.hibernate.jpa.boot.internal.EntityManagerFactoryBuilderImpl.build(EntityManagerFactoryBuilderImpl.java:1502)
	at org.hibernate.jpa.HibernatePersistenceProvider.createEntityManagerFactory(HibernatePersistenceProvider.java:55)
	at jakarta.persistence.Persistence.createEntityManagerFactory(Persistence.java:90)
	at com.smartvend.app.Main.initializeDatabase(Main.java:197)
	at com.smartvend.app.Main.main(Main.java:71)
	at org.codehaus.mojo.exec.ExecJavaMojo.doMain(ExecJavaMojo.java:371)
	at org.codehaus.mojo.exec.ExecJavaMojo.doExec(ExecJavaMojo.java:360)
	at org.codehaus.mojo.exec.ExecJavaMojo.lambda$execute$0(ExecJavaMojo.java:280)
	at java.base/java.lang.Thread.run(Thread.java:1583)
Caused by: org.hibernate.HibernateException: Unable to make JDBC Connection [jdbc:mysql://localhost:3306/smartvend]
	at org.hibernate.engine.jdbc.connections.internal.BasicConnectionCreator.createConnection(BasicConnectionCreator.java:63)
	at org.hibernate.engine.jdbc.connections.internal.DriverManagerConnectionProviderImpl$PooledConnections.addConnections(DriverManagerConnectionProviderImpl.java:500)
	at org.hibernate.engine.jdbc.connections.internal.DriverManagerConnectionProviderImpl$PooledConnections.<init>(DriverManagerConnectionProviderImpl.java:373)
	at org.hibernate.engine.jdbc.connections.internal.DriverManagerConnectionProviderImpl$PooledConnections$Builder.build(DriverManagerConnectionProviderImpl.java:551)
	at org.hibernate.engine.jdbc.connections.internal.DriverManagerConnectionProviderImpl.buildPool(DriverManagerConnectionProviderImpl.java:102)
	at org.hibernate.engine.jdbc.connections.internal.DriverManagerConnectionProviderImpl.configure(DriverManagerConnectionProviderImpl.java:82)
	at org.hibernate.boot.registry.internal.StandardServiceRegistryImpl.configureService(StandardServiceRegistryImpl.java:136)
	at org.hibernate.service.internal.AbstractServiceRegistryImpl.initializeService(AbstractServiceRegistryImpl.java:247)
	at org.hibernate.service.internal.AbstractServiceRegistryImpl.getService(AbstractServiceRegistryImpl.java:215)
	at org.hibernate.service.ServiceRegistry.requireService(ServiceRegistry.java:68)
	at org.hibernate.engine.jdbc.env.internal.JdbcEnvironmentInitiator.buildJdbcConnectionAccess(JdbcEnvironmentInitiator.java:404)
	at org.hibernate.engine.jdbc.env.internal.JdbcEnvironmentInitiator.getJdbcEnvironmentUsingJdbcMetadata(JdbcEnvironmentInitiator.java:276)
	at org.hibernate.engine.jdbc.env.internal.JdbcEnvironmentInitiator.initiateService(JdbcEnvironmentInitiator.java:123)
	at org.hibernate.engine.jdbc.env.internal.JdbcEnvironmentInitiator.initiateService(JdbcEnvironmentInitiator.java:77)
	at org.hibernate.boot.registry.internal.StandardServiceRegistryImpl.initiateService(StandardServiceRegistryImpl.java:130)
	at org.hibernate.service.internal.AbstractServiceRegistryImpl.createService(AbstractServiceRegistryImpl.java:263)
	... 16 more

May 31, 2025 11:29:47 PM com.smartvend.app.Main closeResources
INFO: Chiusura delle risorse
May 31, 2025 11:29:47 PM com.smartvend.app.Main main
INFO: === Sistema SmartVend terminato ===
Data: 2025-05-31 23:29:47
May 31, 2025 11:31:03 PM com.smartvend.app.Main configureLogger
INFO: Sistema di logging configurato correttamente
May 31, 2025 11:31:03 PM com.smartvend.app.Main main
INFO: === Avvio del sistema SmartVend ===
Versione: 1.0
Data: 2025-05-31 23:31:03
May 31, 2025 11:31:03 PM com.smartvend.app.Main loadSystemProperties
INFO: Caricamento delle proprietà di sistema
May 31, 2025 11:31:03 PM com.smartvend.app.Main loadSystemProperties
INFO: Proprietà del database già impostate come proprietà di sistema
May 31, 2025 11:31:03 PM com.smartvend.app.Main initializeDatabase
INFO: Inizializzazione della connessione al database
May 31, 2025 11:31:06 PM com.smartvend.app.Main initializeDatabase
INFO: Connessione al database inizializzata con successo
May 31, 2025 11:31:06 PM com.smartvend.app.Main testDatabaseConnection
INFO: Test della connessione al database
May 31, 2025 11:31:06 PM com.smartvend.app.Main testDatabaseConnection
SEVERE: Test della connessione al database fallito
java.lang.IllegalArgumentException: Not an entity: java.lang.Object
	at org.hibernate.metamodel.model.domain.internal.JpaMetamodelImpl.entity(JpaMetamodelImpl.java:205)
	at org.hibernate.query.sqm.tree.select.AbstractSqmSelectQuery.from(AbstractSqmSelectQuery.java:243)
	at org.hibernate.query.sqm.tree.select.AbstractSqmSelectQuery.from(AbstractSqmSelectQuery.java:44)
	at com.smartvend.app.Main.testDatabaseConnection(Main.java:220)
	at com.smartvend.app.Main.main(Main.java:74)
	at org.codehaus.mojo.exec.ExecJavaMojo.doMain(ExecJavaMojo.java:371)
	at org.codehaus.mojo.exec.ExecJavaMojo.doExec(ExecJavaMojo.java:360)
	at org.codehaus.mojo.exec.ExecJavaMojo.lambda$execute$0(ExecJavaMojo.java:280)
	at java.base/java.lang.Thread.run(Thread.java:1583)

May 31, 2025 11:31:06 PM com.smartvend.app.Main main
SEVERE: Impossibile stabilire una connessione funzionante con il database. L'applicazione verrà terminata.
May 31, 2025 11:31:06 PM com.smartvend.app.Main closeResources
INFO: Chiusura delle risorse
May 31, 2025 11:31:06 PM com.smartvend.app.Main closeResources
INFO: EntityManager chiuso
May 31, 2025 11:31:06 PM com.smartvend.app.Main closeResources
INFO: EntityManagerFactory chiuso
May 31, 2025 11:31:06 PM com.smartvend.app.Main main
INFO: === Sistema SmartVend terminato ===
Data: 2025-05-31 23:31:06
May 31, 2025 11:34:16 PM com.smartvend.app.Main configureLogger
INFO: Sistema di logging configurato correttamente
May 31, 2025 11:34:16 PM com.smartvend.app.Main main
INFO: === Avvio del sistema SmartVend ===
Versione: 1.0
Data: 2025-05-31 23:34:16
May 31, 2025 11:34:16 PM com.smartvend.app.Main loadSystemProperties
INFO: Caricamento delle proprietà di sistema
May 31, 2025 11:34:16 PM com.smartvend.app.Main loadSystemProperties
INFO: Proprietà del database già impostate come proprietà di sistema
May 31, 2025 11:34:16 PM com.smartvend.app.Main initializeDatabase
INFO: Inizializzazione della connessione al database
May 31, 2025 11:34:18 PM com.smartvend.app.Main initializeDatabase
INFO: Connessione al database inizializzata con successo
May 31, 2025 11:34:18 PM com.smartvend.app.Main testDatabaseConnection
INFO: Test della connessione al database
May 31, 2025 11:34:18 PM com.smartvend.app.Main testDatabaseConnection
INFO: Test della connessione al database completato con successo
May 31, 2025 11:38:18 PM com.smartvend.app.Main configureLogger
INFO: Sistema di logging configurato correttamente
May 31, 2025 11:38:18 PM com.smartvend.app.Main main
INFO: === Avvio del sistema SmartVend ===
Versione: 1.0
Data: 2025-05-31 23:38:18
May 31, 2025 11:38:18 PM com.smartvend.app.Main loadSystemProperties
INFO: Caricamento delle proprietà di sistema
May 31, 2025 11:38:18 PM com.smartvend.app.Main loadSystemProperties
INFO: Proprietà del database già impostate come proprietà di sistema
May 31, 2025 11:38:18 PM com.smartvend.app.Main initializeDatabase
INFO: Inizializzazione della connessione al database
May 31, 2025 11:38:21 PM com.smartvend.app.Main initializeDatabase
INFO: Connessione al database inizializzata con successo
May 31, 2025 11:38:21 PM com.smartvend.app.Main testDatabaseConnection
INFO: Test della connessione al database
May 31, 2025 11:38:21 PM com.smartvend.app.Main testDatabaseConnection
INFO: Test della connessione al database completato con successo
May 31, 2025 11:40:48 PM com.smartvend.app.Main closeResources
INFO: Chiusura delle risorse
May 31, 2025 11:40:48 PM com.smartvend.app.Main closeResources
INFO: Scanner chiuso
May 31, 2025 11:40:48 PM com.smartvend.app.Main closeResources
INFO: EntityManager chiuso
May 31, 2025 11:40:48 PM com.smartvend.app.Main closeResources
INFO: EntityManagerFactory chiuso
May 31, 2025 11:40:48 PM com.smartvend.app.Main main
INFO: === Sistema SmartVend terminato ===
Data: 2025-05-31 23:40:48
May 31, 2025 11:41:24 PM com.smartvend.app.Main configureLogger
INFO: Sistema di logging configurato correttamente
May 31, 2025 11:41:24 PM com.smartvend.app.Main main
INFO: === Avvio del sistema SmartVend ===
Versione: 1.0
Data: 2025-05-31 23:41:24
May 31, 2025 11:41:24 PM com.smartvend.app.Main loadSystemProperties
INFO: Caricamento delle proprietà di sistema
May 31, 2025 11:41:24 PM com.smartvend.app.Main loadSystemProperties
INFO: Proprietà del database già impostate come proprietà di sistema
May 31, 2025 11:41:24 PM com.smartvend.app.Main initializeDatabase
INFO: Inizializzazione della connessione al database
May 31, 2025 11:41:27 PM com.smartvend.app.Main initializeDatabase
INFO: Connessione al database inizializzata con successo
May 31, 2025 11:41:27 PM com.smartvend.app.Main testDatabaseConnection
INFO: Test della connessione al database
May 31, 2025 11:41:27 PM com.smartvend.app.Main testDatabaseConnection
INFO: Test della connessione al database completato con successo
May 31, 2025 11:43:47 PM com.smartvend.app.Main closeResources
INFO: Chiusura delle risorse
May 31, 2025 11:43:47 PM com.smartvend.app.Main closeResources
INFO: Scanner chiuso
May 31, 2025 11:43:47 PM com.smartvend.app.Main closeResources
INFO: EntityManager chiuso
May 31, 2025 11:43:47 PM com.smartvend.app.Main closeResources
INFO: EntityManagerFactory chiuso
May 31, 2025 11:43:47 PM com.smartvend.app.Main main
INFO: === Sistema SmartVend terminato ===
Data: 2025-05-31 23:43:47
